<?xml version="1.0" encoding="UTF-8"?>
<!-- Generated by org.testng.reporters.JUnitReportReporter -->
<testsuite hostname="LAPTOP-CH3S54AC" failures="0" tests="1" name="testrunner.UrbanRun" time="40.036" errors="0" timestamp="2025-04-21T20:03:03 IST" skipped="0">
  <testcase classname="testrunner.UrbanRun" name="runScenario" time="40.036"/>
</testsuite> <!-- testrunner.UrbanRun -->
